<?xml version="1.0" encoding="UTF-8"?>
<!-- Generated by org.testng.reporters.JUnitReportReporter -->
<testsuite hostname="SIPL92" failures="0" tests="1" name="netAgent_OperationsTab.OrderSearch" time="14.386" errors="0" timestamp="2022-05-20T23:05:52 IST" skipped="0">
  <testcase classname="netAgent_OperationsTab.OrderSearch" name="orderSearch" time="14.386"/>
  <system-out/>
</testsuite> <!-- netAgent_OperationsTab.OrderSearch -->
