<?xml version="1.0" encoding="UTF-8"?>
<!-- Generated by org.testng.reporters.JUnitReportReporter -->
<testsuite hostname="SIPL92" failures="0" tests="1" name="netAgent_Tools.AgentConsole" time="36.474" errors="0" timestamp="2022-05-20T23:05:52 IST" skipped="0">
  <testcase classname="netAgent_Tools.AgentConsole" name="agentConsole" time="36.474"/>
  <system-out/>
</testsuite> <!-- netAgent_Tools.AgentConsole -->
