<?xml version="1.0" encoding="UTF-8"?>
<!-- Generated by org.testng.reporters.JUnitReportReporter -->
<testsuite hostname="SIPL92" failures="0" tests="1" name="netAgent_OperationsTab.Courier" time="9.889" errors="0" timestamp="12 Apr 2022 06:54:44 GMT">
  <testcase classname="netAgent_OperationsTab.Courier" name="courier" time="9.889"/>
</testsuite> <!-- netAgent_OperationsTab.Courier -->
