<?xml version="1.0" encoding="UTF-8"?>
<!-- Generated by org.testng.reporters.JUnitReportReporter -->
<testsuite hostname="SIPL92" failures="0" tests="1" name="netAgent_Reports.AgentActivity" time="46.403" errors="0" timestamp="2022-06-06T16:16:05 IST" skipped="0">
  <testcase classname="netAgent_Reports.AgentActivity" name="AgentActivityReport" time="46.403"/>
  <system-out/>
</testsuite> <!-- netAgent_Reports.AgentActivity -->
