<?xml version="1.0" encoding="UTF-8"?>
<!-- Generated by org.testng.reporters.JUnitReportReporter -->
<testsuite hostname="SIPL92" failures="0" tests="1" name="netAgent_OperationsTab.OrderProcessing" time="1483.880" errors="0" timestamp="22 Apr 2022 05:18:39 GMT">
  <testcase classname="netAgent_OperationsTab.OrderProcessing" name="orderProcess" time="1483.880"/>
</testsuite> <!-- netAgent_OperationsTab.OrderProcessing -->
