<?xml version="1.0" encoding="UTF-8"?>
<!-- Generated by org.testng.reporters.JUnitReportReporter -->
<testsuite hostname="SIPL92" failures="0" tests="1" name="netAgent_OperationsTab.CycleCount" time="60.340" errors="0" timestamp="13 Apr 2022 10:35:35 GMT">
  <testcase classname="netAgent_OperationsTab.CycleCount" name="cycleCount" time="60.340"/>
</testsuite> <!-- netAgent_OperationsTab.CycleCount -->
