<?xml version="1.0" encoding="UTF-8"?>
<!-- Generated by org.testng.reporters.JUnitReportReporter -->
<testsuite hostname="SIPL92" failures="0" tests="1" name="netAgent_Reports.QuarantineReport" time="27.156" errors="0" timestamp="2022-05-03T11:02:57 IST" skipped="0">
  <testcase classname="netAgent_Reports.QuarantineReport" name="quarantineReport" time="27.156"/>
  <system-out/>
</testsuite> <!-- netAgent_Reports.QuarantineReport -->
