<?xml version="1.0" encoding="UTF-8"?>
<!-- Generated by org.testng.reporters.JUnitReportReporter -->
<testsuite hostname="SIPL92" failures="0" tests="1" name="netAgent_OperationsTab.Replenish" time="30.247" errors="0" timestamp="6 Apr 2022 09:57:39 GMT">
  <testcase classname="netAgent_OperationsTab.Replenish" name="replenish" time="30.247"/>
</testsuite> <!-- netAgent_OperationsTab.Replenish -->
