<?xml version="1.0" encoding="UTF-8"?>
<!-- Generated by org.testng.reporters.JUnitReportReporter -->
<testsuite hostname="SIPL92" failures="0" tests="1" name="netAgent_Reports.InventoryTransactionReport" time="48.396" errors="0" timestamp="2022-06-10T17:32:31 IST" skipped="0">
  <testcase classname="netAgent_Reports.InventoryTransactionReport" name="TransactionReport" time="48.396"/>
  <system-out/>
</testsuite> <!-- netAgent_Reports.InventoryTransactionReport -->
