<?xml version="1.0" encoding="UTF-8"?>
<!-- Generated by org.testng.reporters.JUnitReportReporter -->
<testsuite hostname="SIPL92" failures="0" tests="1" name="netAgent_Tools.MileageCalc" time="11.135" errors="0" timestamp="2022-05-03T11:02:57 IST" skipped="0">
  <testcase classname="netAgent_Tools.MileageCalc" name="mileageCalc" time="11.135"/>
  <system-out/>
</testsuite> <!-- netAgent_Tools.MileageCalc -->
