<?xml version="1.0" encoding="UTF-8"?>
<!-- Generated by org.testng.reporters.JUnitReportReporter -->
<testsuite hostname="SIPL92" failures="0" tests="1" name="netAgent_OrderProcessing.SD_OrderProcess" time="191.178" errors="0" timestamp="2022-06-30T15:51:26 IST" skipped="0">
  <testcase classname="netAgent_OrderProcessing.SD_OrderProcess" name="orderProcessSDJOB" time="191.178"/>
  <system-out/>
</testsuite> <!-- netAgent_OrderProcessing.SD_OrderProcess -->
