<?xml version="1.0" encoding="UTF-8"?>
<!-- Generated by org.testng.reporters.JUnitReportReporter -->
<testsuite hostname="SIPL92" failures="0" tests="1" name="netAgent_OperationsTab.CCAttempt" time="48.227" errors="0" timestamp="15 Apr 2022 11:01:46 GMT">
  <testcase classname="netAgent_OperationsTab.CCAttempt" name="ccAttempt" time="48.227"/>
</testsuite> <!-- netAgent_OperationsTab.CCAttempt -->
