<?xml version="1.0" encoding="UTF-8"?>
<!-- Generated by org.testng.reporters.JUnitReportReporter -->
<testsuite hostname="SIPL92" failures="0" tests="1" name="netAgent_Inventory.ASNLog" time="155.409" errors="0" timestamp="2022-06-06T16:26:25 IST" skipped="0">
  <testcase classname="netAgent_Inventory.ASNLog" name="aSNLog" time="155.409"/>
  <system-out/>
</testsuite> <!-- netAgent_Inventory.ASNLog -->
