<?xml version="1.0" encoding="UTF-8"?>
<!-- Generated by org.testng.reporters.JUnitReportReporter -->
<testsuite hostname="SIPL92" failures="0" tests="1" name="netAgent_LogOutDiv.AgentTSATraining" time="28.496" errors="0" timestamp="5 Apr 2022 06:08:40 GMT">
  <testcase classname="netAgent_LogOutDiv.AgentTSATraining" name="AgentTSA" time="28.496"/>
</testsuite> <!-- netAgent_LogOutDiv.AgentTSATraining -->
