<?xml version="1.0" encoding="UTF-8"?>
<!-- Generated by org.testng.reporters.JUnitReportReporter -->
<testsuite hostname="SIPL92" failures="0" tests="1" name="netAgent_LogOutDiv.ContactUS" time="5.109" errors="0" timestamp="12 Apr 2022 06:54:44 GMT">
  <testcase classname="netAgent_LogOutDiv.ContactUS" name="ContactUs" time="5.109"/>
</testsuite> <!-- netAgent_LogOutDiv.ContactUS -->
