<?xml version="1.0" encoding="UTF-8"?>
<!-- Generated by org.testng.reporters.JUnitReportReporter -->
<testsuite hostname="SIPL92" failures="0" tests="1" name="netAgent_Inventory.FSLStorage" time="6.352" errors="0" timestamp="2022-06-10T17:32:32 IST" skipped="0">
  <testcase classname="netAgent_Inventory.FSLStorage" name="fSLStorage" time="6.352"/>
  <system-out/>
</testsuite> <!-- netAgent_Inventory.FSLStorage -->
