<?xml version="1.0" encoding="UTF-8"?>
<!-- Generated by org.testng.reporters.JUnitReportReporter -->
<testsuite hostname="SIPL92" failures="0" tests="1" name="netAgent_Reports.QuarantineReport" time="31.818" errors="0" timestamp="2022-06-21T13:18:59 IST" skipped="0">
  <testcase classname="netAgent_Reports.QuarantineReport" name="quarantineReport" time="31.818"/>
  <system-out/>
</testsuite> <!-- netAgent_Reports.QuarantineReport -->
