<?xml version="1.0" encoding="UTF-8"?>
<!-- Generated by org.testng.reporters.JUnitReportReporter -->
<testsuite hostname="SIPL92" failures="0" tests="1" name="netAgent_Inventory.Parts" time="37.587" errors="0" timestamp="2022-05-05T11:27:25 IST" skipped="0">
  <testcase classname="netAgent_Inventory.Parts" name="parts" time="37.587"/>
  <system-out/>
</testsuite> <!-- netAgent_Inventory.Parts -->
