<?xml version="1.0" encoding="UTF-8"?>
<!-- Generated by org.testng.reporters.JUnitReportReporter -->
<testsuite hostname="SIPL92" failures="0" tests="1" name="netAgent_OperationsTab.CycleCount" time="14.039" errors="0" timestamp="6 Apr 2022 09:59:21 GMT">
  <testcase classname="netAgent_OperationsTab.CycleCount" name="cycleCount" time="14.039"/>
</testsuite> <!-- netAgent_OperationsTab.CycleCount -->
