<?xml version="1.0" encoding="UTF-8"?>
<!-- Generated by org.testng.reporters.JUnitReportReporter -->
<testsuite hostname="SIPL92" failures="0" tests="1" name="netAgent_OperationsTab.CCAttempt" time="428.727" errors="0" timestamp="2022-06-06T16:16:05 IST" skipped="0">
  <testcase classname="netAgent_OperationsTab.CCAttempt" name="ccAttempt" time="428.727"/>
  <system-out/>
</testsuite> <!-- netAgent_OperationsTab.CCAttempt -->
