<?xml version="1.0" encoding="UTF-8"?>
<!-- Generated by org.testng.reporters.JUnitReportReporter -->
<testsuite hostname="SIPL92" failures="0" tests="1" name="netAgent_OperationsTab.Courier" time="6.290" errors="0" timestamp="7 Apr 2022 04:07:28 GMT">
  <testcase classname="netAgent_OperationsTab.Courier" name="courier" time="6.290"/>
</testsuite> <!-- netAgent_OperationsTab.Courier -->
