<?xml version="1.0" encoding="UTF-8"?>
<!-- Generated by org.testng.reporters.JUnitReportReporter -->
<testsuite hostname="SIPL92" failures="0" tests="1" name="netAgent_LogOutDiv.ContactUS" time="11.258" errors="0" timestamp="2022-05-05T09:50:34 IST" skipped="0">
  <testcase classname="netAgent_LogOutDiv.ContactUS" name="ContactUs" time="11.258"/>
  <system-out/>
</testsuite> <!-- netAgent_LogOutDiv.ContactUS -->
