<?xml version="1.0" encoding="UTF-8"?>
<!-- Generated by org.testng.reporters.JUnitReportReporter -->
<testsuite hostname="SIPL92" failures="0" tests="1" name="netAgent_OperationsTab.Courier" time="13.352" errors="0" timestamp="2022-05-05T09:50:34 IST" skipped="0">
  <testcase classname="netAgent_OperationsTab.Courier" name="courier" time="13.352"/>
  <system-out/>
</testsuite> <!-- netAgent_OperationsTab.Courier -->
