<?xml version="1.0" encoding="UTF-8"?>
<!-- Generated by org.testng.reporters.JUnitReportReporter -->
<testsuite hostname="SIPL92" failures="0" tests="1" name="netAgent_OperationsTab.CycleCount" time="114.200" errors="0" timestamp="2022-05-02T18:21:36 IST" skipped="0">
  <testcase classname="netAgent_OperationsTab.CycleCount" name="cycleCount" time="114.200"/>
  <system-out/>
</testsuite> <!-- netAgent_OperationsTab.CycleCount -->
