<?xml version="1.0" encoding="UTF-8"?>
<!-- Generated by org.testng.reporters.JUnitReportReporter -->
<testsuite hostname="SIPL92" failures="0" tests="1" name="netAgent_OperationsTab.CycleCount" time="132.885" errors="0" timestamp="2022-06-21T13:18:59 IST" skipped="0">
  <testcase classname="netAgent_OperationsTab.CycleCount" name="cycleCount" time="132.885"/>
  <system-out/>
</testsuite> <!-- netAgent_OperationsTab.CycleCount -->
