<?xml version="1.0" encoding="UTF-8"?>
<!-- Generated by org.testng.reporters.JUnitReportReporter -->
<testsuite hostname="SIPL92" failures="0" tests="1" name="netAgent_Reports.AgentActivity" time="33.539" errors="0" timestamp="2022-05-03T11:02:57 IST" skipped="0">
  <testcase classname="netAgent_Reports.AgentActivity" name="AgentActivityReport" time="33.539"/>
  <system-out/>
</testsuite> <!-- netAgent_Reports.AgentActivity -->
