<?xml version="1.0" encoding="UTF-8"?>
<!-- Generated by org.testng.reporters.JUnitReportReporter -->
<testsuite hostname="SIPL92" failures="0" tests="1" name="netAgent_Reports.AgentActivityChart" time="12.330" errors="0" timestamp="12 Apr 2022 06:54:44 GMT">
  <testcase classname="netAgent_Reports.AgentActivityChart" name="AgentActivityChartReport" time="12.330"/>
</testsuite> <!-- netAgent_Reports.AgentActivityChart -->
