<?xml version="1.0" encoding="UTF-8"?>
<!-- Generated by org.testng.reporters.JUnitReportReporter -->
<testsuite hostname="SIPL92" failures="0" tests="1" name="netAgent_OrderProcessing.H3P_OrderProcess" time="391.694" errors="0" timestamp="2022-07-01T16:28:49 IST" skipped="0">
  <testcase classname="netAgent_OrderProcessing.H3P_OrderProcess" name="orderProcessH3PJOB" time="391.694"/>
  <system-out/>
</testsuite> <!-- netAgent_OrderProcessing.H3P_OrderProcess -->
