<?xml version="1.0" encoding="UTF-8"?>
<!-- Generated by org.testng.reporters.JUnitReportReporter -->
<testsuite hostname="SIPL92" failures="0" tests="1" name="netAgent_Reports.RTEDriverBilling" time="34.838" errors="0" timestamp="2022-06-17T14:20:40 IST" skipped="0">
  <testcase classname="netAgent_Reports.RTEDriverBilling" name="rteDriverBillingReport" time="34.838"/>
  <system-out/>
</testsuite> <!-- netAgent_Reports.RTEDriverBilling -->
