<?xml version="1.0" encoding="UTF-8"?>
<!-- Generated by org.testng.reporters.JUnitReportReporter -->
<testsuite hostname="SIPL92" failures="0" tests="1" name="netAgent_LogOutDiv.ContactUS" time="3.480" errors="0" timestamp="5 Apr 2022 06:08:40 GMT">
  <testcase classname="netAgent_LogOutDiv.ContactUS" name="ContactUs" time="3.480"/>
</testsuite> <!-- netAgent_LogOutDiv.ContactUS -->
