<?xml version="1.0" encoding="UTF-8"?>
<!-- Generated by org.testng.reporters.JUnitReportReporter -->
<testsuite hostname="SIPL92" failures="0" tests="1" name="netAgent_Inventory.FSLSetUp" time="847.087" errors="0" timestamp="2022-06-21T13:42:19 IST" skipped="0">
  <testcase classname="netAgent_Inventory.FSLSetUp" name="fSLSetup" time="847.087"/>
  <system-out/>
</testsuite> <!-- netAgent_Inventory.FSLSetUp -->
