<?xml version="1.0" encoding="UTF-8"?>
<!-- Generated by org.testng.reporters.JUnitReportReporter -->
<testsuite hostname="SIPL92" failures="0" tests="1" name="netAgent_Tools.MileageCalc" time="12.136" errors="0" timestamp="12 Apr 2022 06:54:44 GMT">
  <testcase classname="netAgent_Tools.MileageCalc" name="mileageCalc" time="12.136"/>
</testsuite> <!-- netAgent_Tools.MileageCalc -->
