<?xml version="1.0" encoding="UTF-8"?>
<!-- Generated by org.testng.reporters.JUnitReportReporter -->
<testsuite hostname="SIPL92" failures="0" tests="1" name="netAgent_Inventory.FSLStorage" time="4.782" errors="0" timestamp="7 Apr 2022 05:25:24 GMT">
  <testcase classname="netAgent_Inventory.FSLStorage" name="fSLStorage" time="4.782"/>
</testsuite> <!-- netAgent_Inventory.FSLStorage -->
