<?xml version="1.0" encoding="UTF-8"?>
<!-- Generated by org.testng.reporters.JUnitReportReporter -->
<testsuite hostname="SIPL92" failures="0" tests="1" name="netAgent_Tools.AgentConsole" time="39.630" errors="0" timestamp="2022-06-06T16:16:05 IST" skipped="0">
  <testcase classname="netAgent_Tools.AgentConsole" name="agentConsole" time="39.630"/>
  <system-out/>
</testsuite> <!-- netAgent_Tools.AgentConsole -->
