<?xml version="1.0" encoding="UTF-8"?>
<!-- Generated by org.testng.reporters.JUnitReportReporter -->
<testsuite hostname="SIPL92" failures="0" tests="1" name="netAgent_LogOutDiv.AgentElevatesRiskTraining" time="44.059" errors="0" timestamp="5 Apr 2022 06:08:40 GMT">
  <testcase classname="netAgent_LogOutDiv.AgentElevatesRiskTraining" name="AgentRisk" time="44.059"/>
</testsuite> <!-- netAgent_LogOutDiv.AgentElevatesRiskTraining -->
