<?xml version="1.0" encoding="UTF-8"?>
<!-- Generated by org.testng.reporters.JUnitReportReporter -->
<testsuite hostname="SIPL92" failures="0" tests="1" name="netAgent_Reports.QuarantineReport" time="7.932" errors="0" timestamp="28 Apr 2022 11:30:28 GMT">
  <testcase classname="netAgent_Reports.QuarantineReport" name="quarantineReport" time="7.932"/>
</testsuite> <!-- netAgent_Reports.QuarantineReport -->
