<?xml version="1.0" encoding="UTF-8"?>
<!-- Generated by org.testng.reporters.JUnitReportReporter -->
<testsuite hostname="SIPL92" failures="0" tests="1" name="netAgent_LogOutDiv.AgentElevatesRiskTraining" time="49.272" errors="0" timestamp="2022-05-02T18:21:36 IST" skipped="0">
  <testcase classname="netAgent_LogOutDiv.AgentElevatesRiskTraining" name="AgentRisk" time="49.272"/>
  <system-out/>
</testsuite> <!-- netAgent_LogOutDiv.AgentElevatesRiskTraining -->
