<?xml version="1.0" encoding="UTF-8"?>
<!-- Generated by org.testng.reporters.JUnitReportReporter -->
<testsuite hostname="SIPL92" failures="0" tests="1" name="netAgent_LogOutDiv.AgentTSATraining" time="33.870" errors="0" timestamp="2022-06-06T16:16:05 IST" skipped="0">
  <testcase classname="netAgent_LogOutDiv.AgentTSATraining" name="AgentTSA" time="33.870"/>
  <system-out/>
</testsuite> <!-- netAgent_LogOutDiv.AgentTSATraining -->
