<?xml version="1.0" encoding="UTF-8"?>
<!-- Generated by org.testng.reporters.JUnitReportReporter -->
<testsuite hostname="SIPL92" failures="0" tests="1" name="netAgent_OperationsTab.OrderProcessing" time="2115.497" errors="0" timestamp="2022-07-14T13:37:27 IST" skipped="0">
  <testcase classname="netAgent_OperationsTab.OrderProcessing" name="orderProcessing" time="2115.497"/>
  <system-out/>
</testsuite> <!-- netAgent_OperationsTab.OrderProcessing -->
