<?xml version="1.0" encoding="UTF-8"?>
<!-- Generated by org.testng.reporters.JUnitReportReporter -->
<testsuite hostname="SIPL92" failures="0" tests="1" name="netAgent_OperationsTab.CycleCount" time="61.885" errors="0" timestamp="12 Apr 2022 12:02:16 GMT">
  <testcase classname="netAgent_OperationsTab.CycleCount" name="cycleCount" time="61.885"/>
</testsuite> <!-- netAgent_OperationsTab.CycleCount -->
