<?xml version="1.0" encoding="UTF-8"?>
<!-- Generated by org.testng.reporters.JUnitReportReporter -->
<testsuite hostname="SIPL92" failures="0" tests="1" name="netAgent_OperationsTab.CCAttempt" time="179.428" errors="0" timestamp="21 Apr 2022 04:53:22 GMT">
  <testcase classname="netAgent_OperationsTab.CCAttempt" name="ccAttempt" time="179.428"/>
</testsuite> <!-- netAgent_OperationsTab.CCAttempt -->
