<?xml version="1.0" encoding="UTF-8"?>
<!-- Generated by org.testng.reporters.JUnitReportReporter -->
<testsuite hostname="SIPL92" failures="0" tests="1" name="netAgent_Inventory.Parts" time="66.151" errors="0" timestamp="7 Apr 2022 04:42:24 GMT">
  <testcase classname="netAgent_Inventory.Parts" name="parts" time="66.151"/>
</testsuite> <!-- netAgent_Inventory.Parts -->
