<?xml version="1.0" encoding="UTF-8"?>
<!-- Generated by org.testng.reporters.JUnitReportReporter -->
<testsuite hostname="SIPL92" failures="0" tests="1" name="netAgent_Tools.AgentConsole" time="46.583" errors="0" timestamp="8 Apr 2022 05:33:21 GMT">
  <testcase classname="netAgent_Tools.AgentConsole" name="agentConsole" time="46.583"/>
</testsuite> <!-- netAgent_Tools.AgentConsole -->
