<?xml version="1.0" encoding="UTF-8"?>
<!-- Generated by org.testng.reporters.JUnitReportReporter -->
<testsuite hostname="SIPL92" failures="0" tests="1" name="netAgent_OperationsTab.OrderSearch" time="34.877" errors="0" timestamp="6 Apr 2022 09:38:16 GMT">
  <testcase classname="netAgent_OperationsTab.OrderSearch" name="orderSearch" time="34.877"/>
</testsuite> <!-- netAgent_OperationsTab.OrderSearch -->
