<?xml version="1.0" encoding="UTF-8"?>
<!-- Generated by org.testng.reporters.JUnitReportReporter -->
<testsuite hostname="SIPL92" failures="0" tests="1" name="netAgent_OrderProcessing.D3P_OrderProcess" time="134.420" errors="0" timestamp="2022-07-06T12:05:59 IST" skipped="0">
  <testcase classname="netAgent_OrderProcessing.D3P_OrderProcess" name="orderProcessD3PJOB" time="134.420"/>
  <system-out/>
</testsuite> <!-- netAgent_OrderProcessing.D3P_OrderProcess -->
