<?xml version="1.0" encoding="UTF-8"?>
<!-- Generated by org.testng.reporters.JUnitReportReporter -->
<testsuite hostname="SIPL92" failures="0" tests="1" name="netAgent_Inventory.PutAway" time="24.776" errors="0" timestamp="2022-05-20T23:05:52 IST" skipped="0">
  <testcase classname="netAgent_Inventory.PutAway" name="putAway" time="24.776"/>
  <system-out/>
</testsuite> <!-- netAgent_Inventory.PutAway -->
