<?xml version="1.0" encoding="UTF-8"?>
<!-- Generated by org.testng.reporters.JUnitReportReporter -->
<testsuite hostname="SIPL92" failures="0" tests="1" name="netAgent_Reports.AgentActivityDetail" time="10.336" errors="0" timestamp="28 Apr 2022 11:30:28 GMT">
  <testcase classname="netAgent_Reports.AgentActivityDetail" name="agentActivityDetailReport" time="10.336"/>
</testsuite> <!-- netAgent_Reports.AgentActivityDetail -->
