<?xml version="1.0" encoding="UTF-8"?>
<!-- Generated by org.testng.reporters.JUnitReportReporter -->
<testsuite hostname="SIPL92" failures="0" tests="1" name="netAgent_OperationsTab.TaskLog" time="218.989" errors="0" timestamp="2022-05-19T19:16:24 IST" skipped="0">
  <testcase classname="netAgent_OperationsTab.TaskLog" name="taskLog" time="218.989"/>
  <system-out/>
</testsuite> <!-- netAgent_OperationsTab.TaskLog -->
