<?xml version="1.0" encoding="UTF-8"?>
<!-- Generated by org.testng.reporters.JUnitReportReporter -->
<testsuite hostname="SIPL92" failures="0" tests="1" name="netAgent_Inventory.ASNLog" time="80.507" errors="0" timestamp="7 Apr 2022 08:34:47 GMT">
  <testcase classname="netAgent_Inventory.ASNLog" name="aSNLog" time="80.507"/>
</testsuite> <!-- netAgent_Inventory.ASNLog -->
