<?xml version="1.0" encoding="UTF-8"?>
<!-- Generated by org.testng.reporters.JUnitReportReporter -->
<testsuite hostname="SIPL92" failures="0" tests="1" name="netAgent_OperationsTab.TaskLog" time="433.874" errors="0" timestamp="6 Apr 2022 09:32:28 GMT">
  <testcase classname="netAgent_OperationsTab.TaskLog" name="taskLog" time="433.874"/>
</testsuite> <!-- netAgent_OperationsTab.TaskLog -->
