<?xml version="1.0" encoding="UTF-8"?>
<!-- Generated by org.testng.reporters.JUnitReportReporter -->
<testsuite hostname="SIPL92" failures="0" tests="1" name="netAgent_OperationsTab.OrderProcessing" time="363.669" errors="0" timestamp="2022-05-18T12:33:11 IST" skipped="0">
  <testcase classname="netAgent_OperationsTab.OrderProcessing" name="orderProcess" time="363.669"/>
  <system-out/>
</testsuite> <!-- netAgent_OperationsTab.OrderProcessing -->
