<?xml version="1.0" encoding="UTF-8"?>
<!-- Generated by org.testng.reporters.JUnitReportReporter -->
<testsuite hostname="SIPL92" failures="0" tests="1" name="netAgent_LogOutDiv.AgentTSATraining" time="35.854" errors="0" timestamp="2022-05-05T09:50:34 IST" skipped="0">
  <testcase classname="netAgent_LogOutDiv.AgentTSATraining" name="AgentTSA" time="35.854"/>
  <system-out/>
</testsuite> <!-- netAgent_LogOutDiv.AgentTSATraining -->
