<?xml version="1.0" encoding="UTF-8"?>
<!-- Generated by org.testng.reporters.JUnitReportReporter -->
<testsuite hostname="SIPL92" failures="0" tests="1" name="netAgent_OperationsTab.Courier" time="9.286" errors="0" timestamp="6 Apr 2022 10:00:42 GMT">
  <testcase classname="netAgent_OperationsTab.Courier" name="courier" time="9.286"/>
</testsuite> <!-- netAgent_OperationsTab.Courier -->
