<?xml version="1.0" encoding="UTF-8"?>
<!-- Generated by org.testng.reporters.JUnitReportReporter -->
<testsuite hostname="SIPL92" failures="0" tests="1" name="netAgent_Inventory.Parts" time="39.428" errors="0" timestamp="2022-06-10T17:32:31 IST" skipped="0">
  <testcase classname="netAgent_Inventory.Parts" name="parts" time="39.428"/>
  <system-out/>
</testsuite> <!-- netAgent_Inventory.Parts -->
