<?xml version="1.0" encoding="UTF-8"?>
<!-- Generated by org.testng.reporters.JUnitReportReporter -->
<testsuite hostname="SIPL92" failures="0" tests="1" name="netAgent_OrderProcessing.LOC_OrderProcess" time="355.062" errors="0" timestamp="2022-07-06T16:00:39 IST" skipped="0">
  <testcase classname="netAgent_OrderProcessing.LOC_OrderProcess" name="orderProcessLOCJOB" time="355.062"/>
  <system-out/>
</testsuite> <!-- netAgent_OrderProcessing.LOC_OrderProcess -->
