<?xml version="1.0" encoding="UTF-8"?>
<!-- Generated by org.testng.reporters.JUnitReportReporter -->
<testsuite hostname="SIPL92" failures="0" tests="1" name="netAgent_Inventory.FSLSetUp" time="65.987" errors="0" timestamp="7 Apr 2022 06:53:29 GMT">
  <testcase classname="netAgent_Inventory.FSLSetUp" name="fSLSetup" time="65.987"/>
</testsuite> <!-- netAgent_Inventory.FSLSetUp -->
