<?xml version="1.0" encoding="UTF-8"?>
<!-- Generated by org.testng.reporters.JUnitReportReporter -->
<testsuite hostname="SIPL92" failures="0" tests="1" name="netAgent_LogOutDiv.AgentTSATraining" time="37.425" errors="0" timestamp="12 Apr 2022 06:54:44 GMT">
  <testcase classname="netAgent_LogOutDiv.AgentTSATraining" name="AgentTSA" time="37.425"/>
</testsuite> <!-- netAgent_LogOutDiv.AgentTSATraining -->
