<?xml version="1.0" encoding="UTF-8"?>
<!-- Generated by org.testng.reporters.JUnitReportReporter -->
<testsuite hostname="SIPL92" failures="0" tests="1" name="netAgent_Reports.AgentActivity" time="30.122" errors="0" timestamp="29 Apr 2022 08:45:38 GMT">
  <testcase classname="netAgent_Reports.AgentActivity" name="AgentActivityReport" time="30.122"/>
</testsuite> <!-- netAgent_Reports.AgentActivity -->
