<?xml version="1.0" encoding="UTF-8"?>
<!-- Generated by org.testng.reporters.JUnitReportReporter -->
<testsuite hostname="SIPL92" failures="0" tests="1" name="netAgent_Reports.InventoryOnHandReport" time="37.289" errors="0" timestamp="2022-05-20T23:05:52 IST" skipped="0">
  <testcase classname="netAgent_Reports.InventoryOnHandReport" name="OnHandReport" time="37.289"/>
  <system-out/>
</testsuite> <!-- netAgent_Reports.InventoryOnHandReport -->
