<?xml version="1.0" encoding="UTF-8"?>
<!-- Generated by org.testng.reporters.JUnitReportReporter -->
<testsuite hostname="SIPL92" failures="0" tests="1" name="netAgent_OperationsTab.OrderProcessing" time="310.050" errors="0" timestamp="19 Apr 2022 06:49:07 GMT">
  <testcase classname="netAgent_OperationsTab.OrderProcessing" name="orderProcess" time="310.050"/>
</testsuite> <!-- netAgent_OperationsTab.OrderProcessing -->
